<?xml version="1.0" encoding="UTF-8"?>
<testsuite xmlns:xsi="http://www.w3.org/2001/XMLSchema-instance" xsi:noNamespaceSchemaLocation="https://maven.apache.org/surefire/maven-surefire-plugin/xsd/surefire-test-report-3.0.xsd" version="3.0" name="com.application.budgeter.ExpenseTest" time="0.02" tests="14" errors="0" skipped="0" failures="0">
  <properties>
[...]
</properties>
  <testcase name="testEquals_ExpensesNotEqual" classname="com.application.budgeter.ExpenseTest" time="0"/>
  <testcase name="testLexicographicCategoryComparator" classname="com.application.budgeter.ExpenseTest" time="0"/>
  <testcase name="testEquals_NotAnExpense" classname="com.application.budgeter.ExpenseTest" time="0"/>
  <testcase name="testToString" classname="com.application.budgeter.ExpenseTest" time="0.012"/>
  <testcase name="testDateComparator" classname="com.application.budgeter.ExpenseTest" time="0.002"/>
  <testcase name="testGetName" classname="com.application.budgeter.ExpenseTest" time="0"/>
  <testcase name="testGetLocalDate" classname="com.application.budgeter.ExpenseTest" time="0"/>
  <testcase name="testEquals_ExpensesEqual" classname="com.application.budgeter.ExpenseTest" time="0"/>
  <testcase name="testSetAmount_NegativeNumer" classname="com.application.budgeter.ExpenseTest" time="0"/>
  <testcase name="testLexicographicNameComparator" classname="com.application.budgeter.ExpenseTest" time="0.001"/>
  <testcase name="testGetAmount" classname="com.application.budgeter.ExpenseTest" time="0"/>
  <testcase name="testGetCategory" classname="com.application.budgeter.ExpenseTest" time="0.001"/>
  <testcase name="testConstructorAmount_NegativeNumber" classname="com.application.budgeter.ExpenseTest" time="0"/>
  <testcase name="testAmountComparator" classname="com.application.budgeter.ExpenseTest" time="0.001"/>
</testsuite>